<?xml version="1.0" encoding="UTF-8"?>
<!-- Generated by org.testng.reporters.JUnitReportReporter -->
<testsuite hostname="DESKTOP-83NNR9O" failures="0" tests="1" name="com.object.page.model.RegistrationPageObject" time="7.595" errors="0" timestamp="2023-10-07T23:30:56 IST" skipped="0">
  <testcase classname="com.object.page.model.RegistrationPageObject" name="salesforcePage" time="7.595"/>
</testsuite> <!-- com.object.page.model.RegistrationPageObject -->
