<?xml version="1.0" encoding="UTF-8"?>
<!-- Generated by org.testng.reporters.JUnitReportReporter -->
<testsuite hostname="DESKTOP-83NNR9O" failures="0" tests="1" name="com.test.cases.VerifyLogin" time="48.221" errors="0" timestamp="2023-10-07T21:36:47 IST" skipped="0">
  <testcase classname="com.test.cases.VerifyLogin" name="verifyLogin" time="48.221"/>
</testsuite> <!-- com.test.cases.VerifyLogin -->
