<?xml version="1.0" encoding="UTF-8"?>
<!-- Generated by org.testng.reporters.JUnitReportReporter -->
<testsuite hostname="DESKTOP-83NNR9O" failures="0" tests="1" name="testCases.VerifyLogin" time="29.634" errors="0" timestamp="2023-10-06T22:29:19 IST" skipped="0">
  <testcase classname="testCases.VerifyLogin" name="verifyLogin" time="29.634"/>
</testsuite> <!-- testCases.VerifyLogin -->
