<?xml version="1.0" encoding="UTF-8"?>
<!-- Generated by org.testng.reporters.JUnitReportReporter -->
<testsuite hostname="DESKTOP-83NNR9O" failures="0" tests="1" name="testCases.A" time="0.017" errors="0" timestamp="2023-10-01T00:11:04 IST" skipped="0">
  <testcase classname="testCases.A" name="M1" time="0.017"/>
</testsuite> <!-- testCases.A -->
