<?xml version="1.0" encoding="UTF-8"?>
<!-- Generated by org.testng.reporters.JUnitReportReporter -->
<testsuite hostname="DESKTOP-83NNR9O" failures="0" tests="2" name="com.group.test.Program1" time="0.018" errors="0" timestamp="2023-10-01T11:52:30 IST" skipped="0">
  <testcase classname="com.group.test.Program1" name="userData" time="0.004"/>
  <testcase classname="com.group.test.Program1" name="loginFunction" time="0.014"/>
</testsuite> <!-- com.group.test.Program1 -->
