<?xml version="1.0" encoding="UTF-8"?>
<!-- Generated by org.testng.reporters.JUnitReportReporter -->
<testsuite hostname="DESKTOP-83NNR9O" failures="0" tests="1" name="com.test.cases.RegistrationSalesforce" time="16.325" errors="0" timestamp="2023-10-09T00:15:47 IST" skipped="0">
  <testcase classname="com.test.cases.RegistrationSalesforce" name="registerSalesforce" time="16.325"/>
</testsuite> <!-- com.test.cases.RegistrationSalesforce -->
