<?xml version="1.0" encoding="UTF-8"?>
<!-- Generated by org.testng.reporters.JUnitReportReporter -->
<testsuite hostname="DESKTOP-83NNR9O" failures="0" tests="1" name="testCases.ScreenShot" time="15.645" errors="0" timestamp="2023-10-04T14:11:20 IST" skipped="0">
  <testcase classname="testCases.ScreenShot" name="caputerScreenShot" time="15.645"/>
</testsuite> <!-- testCases.ScreenShot -->
