<?xml version="1.0" encoding="UTF-8"?>
<!-- Generated by org.testng.reporters.JUnitReportReporter -->
<testsuite hostname="DESKTOP-83NNR9O" failures="0" tests="1" name="testCases.HandlingExcelSheet" time="4.642" errors="0" timestamp="2023-10-01T12:04:27 IST" skipped="0">
  <testcase classname="testCases.HandlingExcelSheet" name="excelHandle" time="4.642"/>
</testsuite> <!-- testCases.HandlingExcelSheet -->
